<?xml version="1.0" encoding="UTF-8"?>
<testng-results skipped="0" failed="0" ignored="0" total="1" passed="1">
  <reporter-output>
  </reporter-output>
  <suite name="Default suite" duration-ms="2696" started-at="2023-05-22T14:04:55 IST" finished-at="2023-05-22T14:04:58 IST">
    <groups>
    </groups>
    <test name="Default test" duration-ms="2696" started-at="2023-05-22T14:04:55 IST" finished-at="2023-05-22T14:04:58 IST">
      <class name="api_automation.Basic_api">
        <test-method status="PASS" signature="get_Request()[pri:0, instance:api_automation.Basic_api@34cd072c]" name="get_Request" duration-ms="2659" started-at="2023-05-22T14:04:55 IST" finished-at="2023-05-22T14:04:58 IST">
          <reporter-output>
          </reporter-output>
        </test-method> <!-- get_Request -->
      </class> <!-- api_automation.Basic_api -->
    </test> <!-- Default test -->
  </suite> <!-- Default suite -->
</testng-results>
